<?xml version="1.0" encoding="UTF-8"?>
<!-- Generated by org.testng.reporters.JUnitReportReporter -->
<testsuite hostname="SurLenovo" failures="0" tests="4" name="ds.algo.testcases.TestHome" time="4.698" errors="0" timestamp="2022-09-27T11:13:35 PDT" skipped="0">
  <testcase classname="ds.algo.testcases.TestHome" name="TestDropDown" time="0.541"/>
  <system-out/>
  <testcase classname="ds.algo.testcases.TestHome" name="TesthomeTitle" time="2.481"/>
  <system-out/>
  <testcase classname="ds.algo.testcases.TestHome" name="TestDataStructureGetStarted" time="0.844"/>
  <system-out/>
  <testcase classname="ds.algo.testcases.TestHome" name="TestClickDropDownArry" time="0.832"/>
  <system-out/>
</testsuite> <!-- ds.algo.testcases.TestHome -->
