<?xml version="1.0" encoding="UTF-8"?>
<!-- Generated by org.testng.reporters.JUnitReportReporter -->
<testsuite hostname="SurLenovo" failures="0" tests="29" name="ds.algo.testcases.TestTree" time="83.687" errors="0" timestamp="2022-09-27T11:13:35 PDT" skipped="0">
  <testcase classname="ds.algo.testcases.TestTree" name="TestBinarySearchTrees" time="2.316"/>
  <system-out/>
  <testcase classname="ds.algo.testcases.TestTree" name="TestPracticeQuestions" time="1.110"/>
  <system-out/>
  <testcase classname="ds.algo.testcases.TestTree" name="TestImplementationOfBST" time="2.677"/>
  <system-out/>
  <testcase classname="ds.algo.testcases.TestTree" name="TestTerminologies" time="1.290"/>
  <system-out/>
  <testcase classname="ds.algo.testcases.TestTree" name="TestImplementationinPythonTryHere" time="3.910"/>
  <system-out/>
  <testcase classname="ds.algo.testcases.TestTree" name="TestTraversalTryHere" time="4.236"/>
  <system-out/>
  <testcase classname="ds.algo.testcases.TestTree" name="TestTypesOfBinaryTreesTryHere" time="3.556"/>
  <system-out/>
  <testcase classname="ds.algo.testcases.TestTree" name="TestImplementationofBinaryTrees" time="2.204"/>
  <system-out/>
  <testcase classname="ds.algo.testcases.TestTree" name="TestGetTabRun" time="3.500"/>
  <system-out/>
  <testcase classname="ds.algo.testcases.TestTree" name="TestApplicationsofBinarytrees" time="2.689"/>
  <system-out/>
  <testcase classname="ds.algo.testcases.TestTree" name="TestBinaryTrees" time="2.183"/>
  <system-out/>
  <testcase classname="ds.algo.testcases.TestTree" name="TestClickGetTryHere" time="3.011"/>
  <system-out/>
  <testcase classname="ds.algo.testcases.TestTree" name="TestBinarySearchTreesTryHere" time="3.696"/>
  <system-out/>
  <testcase classname="ds.algo.testcases.TestTree" name="TestTypesOfTree" time="1.371"/>
  <system-out/>
  <testcase classname="ds.algo.testcases.TestTree" name="TestImplementationofBinaryTreesTryHere" time="3.331"/>
  <system-out/>
  <testcase classname="ds.algo.testcases.TestTree" name="TestTerminologiesTryHere" time="2.981"/>
  <system-out/>
  <testcase classname="ds.algo.testcases.TestTree" name="TestOverview" time="1.106"/>
  <system-out/>
  <testcase classname="ds.algo.testcases.TestTree" name="TestImplementationOfBSTTryHere" time="4.001"/>
  <system-out/>
  <testcase classname="ds.algo.testcases.TestTree" name="TestBinaryTreeTraversals" time="4.099"/>
  <system-out/>
  <testcase classname="ds.algo.testcases.TestTree" name="TestTypesOfTreeTryHere" time="3.287"/>
  <system-out/>
  <testcase classname="ds.algo.testcases.TestTree" name="TestTreeStarted" time="1.108"/>
  <system-out/>
  <testcase classname="ds.algo.testcases.TestTree" name="TestBinaryTreeTraversalsTryHere" time="4.734"/>
  <system-out/>
  <testcase classname="ds.algo.testcases.TestTree" name="TestImplementationinPython" time="1.524"/>
  <system-out/>
  <testcase classname="ds.algo.testcases.TestTree" name="TestTraversal" time="1.535"/>
  <system-out/>
  <testcase classname="ds.algo.testcases.TestTree" name="TestBinaryTreesTryHere" time="3.545"/>
  <system-out/>
  <testcase classname="ds.algo.testcases.TestTree" name="TestTraversalsIllustration" time="3.448"/>
  <system-out/>
  <testcase classname="ds.algo.testcases.TestTree" name="TestTypesOfBinaryTrees" time="2.424"/>
  <system-out/>
  <testcase classname="ds.algo.testcases.TestTree" name="TestTraversalsIllustrationTryHere" time="4.799"/>
  <system-out/>
  <testcase classname="ds.algo.testcases.TestTree" name="TestApplicationsofBinarytreesTryHere" time="4.016"/>
  <system-out/>
</testsuite> <!-- ds.algo.testcases.TestTree -->
