<?xml version="1.0" encoding="UTF-8"?>
<!-- Generated by org.testng.reporters.JUnitReportReporter -->
<testsuite hostname="SurLenovo" failures="0" tests="2" name="ds.algo.testcases.TestDsAlgoPortal" time="1.148" errors="0" timestamp="2022-09-27T11:13:35 PDT" skipped="0">
  <testcase classname="ds.algo.testcases.TestDsAlgoPortal" name="TestGetStarted" time="0.534"/>
  <system-out/>
  <testcase classname="ds.algo.testcases.TestDsAlgoPortal" name="TestOpenPortal" time="0.614"/>
  <system-out/>
</testsuite> <!-- ds.algo.testcases.TestDsAlgoPortal -->
