<?xml version="1.0" encoding="UTF-8"?>
<!-- Generated by org.testng.reporters.JUnitReportReporter -->
<testsuite hostname="SurLenovo" failures="0" tests="4" name="ds.algo.testcases.TestGraph" time="13.778" errors="0" timestamp="2022-09-27T11:13:35 PDT" skipped="0">
  <testcase classname="ds.algo.testcases.TestGraph" name="GraRep" time="6.067"/>
  <system-out/>
  <testcase classname="ds.algo.testcases.TestGraph" name="ClickGrpStdButton" time="0.733"/>
  <system-out/>
  <testcase classname="ds.algo.testcases.TestGraph" name="ClickGraphTryHere" time="2.714"/>
  <system-out/>
  <testcase classname="ds.algo.testcases.TestGraph" name="GraRun" time="4.264"/>
  <system-out/>
</testsuite> <!-- ds.algo.testcases.TestGraph -->
