<?xml version="1.0" encoding="UTF-8"?>
<!-- Generated by org.testng.reporters.JUnitReportReporter -->
<testsuite hostname="SurLenovo" failures="0" tests="15" name="ds.algo.testcases.TestRegister" time="23.020" errors="0" timestamp="2022-09-27T11:13:35 PDT" skipped="0">
  <testcase classname="ds.algo.testcases.TestRegister" name="TestwrongPasswordConfirm" time="1.455"/>
  <system-out/>
  <testcase classname="ds.algo.testcases.TestRegister" name="TestOnlyNumberPaswrd" time="1.545"/>
  <system-out/>
  <testcase classname="ds.algo.testcases.TestRegister" name="TestwrongPasswordConfirm" time="1.537"/>
  <system-out/>
  <testcase classname="ds.algo.testcases.TestRegister" name="TestwrongPasswordConfirm" time="1.485"/>
  <system-out/>
  <testcase classname="ds.algo.testcases.TestRegister" name="TestOnlyNumberPaswrd" time="1.793"/>
  <system-out/>
  <testcase classname="ds.algo.testcases.TestRegister" name="TestwrongPasswordConfirm" time="1.513"/>
  <system-out/>
  <testcase classname="ds.algo.testcases.TestRegister" name="TestwrongPasswordConfirm" time="1.237"/>
  <system-out/>
  <testcase classname="ds.algo.testcases.TestRegister" name="TestAllFieldsEmpty" time="1.059"/>
  <system-out/>
  <testcase classname="ds.algo.testcases.TestRegister" name="TestUserNameInField" time="0.880"/>
  <system-out/>
  <testcase classname="ds.algo.testcases.TestRegister" name="TestPassword" time="1.326"/>
  <system-out/>
  <testcase classname="ds.algo.testcases.TestRegister" name="TestOnlyNumberPaswrd" time="1.138"/>
  <system-out/>
  <testcase classname="ds.algo.testcases.TestRegister" name="TestOnlyNumberPaswrd" time="1.223"/>
  <system-out/>
  <testcase classname="ds.algo.testcases.TestRegister" name="TestwrongPasswordConfirm" time="1.311"/>
  <system-out/>
  <testcase classname="ds.algo.testcases.TestRegister" name="TestLessDigitPassword" time="1.432"/>
  <system-out/>
  <testcase classname="ds.algo.testcases.TestRegister" name="TestAllInputCorrect" time="4.086"/>
  <system-out/>
</testsuite> <!-- ds.algo.testcases.TestRegister -->
