<?xml version="1.0" encoding="UTF-8"?>
<!-- Generated by org.testng.reporters.JUnitReportReporter -->
<testsuite hostname="SurLenovo" failures="0" tests="7" name="ds.algo.testcases.TestArray" time="18.617" errors="0" timestamp="2022-09-27T11:13:35 PDT" skipped="0">
  <testcase classname="ds.algo.testcases.TestArray" name="ArraysinPython" time="1.120"/>
  <system-out/>
  <testcase classname="ds.algo.testcases.TestArray" name="ArrayTryHere" time="1.937"/>
  <system-out/>
  <testcase classname="ds.algo.testcases.TestArray" name="ClickRun2" time="3.913"/>
  <system-out/>
  <testcase classname="ds.algo.testcases.TestArray" name="GetStarted" time="0.727"/>
  <system-out/>
  <testcase classname="ds.algo.testcases.TestArray" name="ClickApplicationArray" time="3.953"/>
  <system-out/>
  <testcase classname="ds.algo.testcases.TestArray" name="ClickRun1" time="1.590"/>
  <system-out/>
  <testcase classname="ds.algo.testcases.TestArray" name="ClickBasOperList" time="5.377"/>
  <system-out/>
</testsuite> <!-- ds.algo.testcases.TestArray -->
