<?xml version="1.0" encoding="UTF-8"?>
<!-- Generated by org.testng.reporters.JUnitReportReporter -->
<testsuite hostname="SurLenovo" failures="0" tests="4" name="ds.algo.testcases.Home" time="4.430" errors="0" timestamp="2022-09-26T16:11:55 PDT" skipped="0">
  <testcase classname="ds.algo.testcases.Home" name="TesthomeTitle" time="2.415"/>
  <system-out/>
  <testcase classname="ds.algo.testcases.Home" name="TestClickDropDownArry" time="0.828"/>
  <system-out/>
  <testcase classname="ds.algo.testcases.Home" name="TestDropDown" time="0.468"/>
  <system-out/>
  <testcase classname="ds.algo.testcases.Home" name="TestDataStructureGetStarted" time="0.719"/>
  <system-out/>
</testsuite> <!-- ds.algo.testcases.Home -->
