<?xml version="1.0" encoding="UTF-8"?>
<!-- Generated by org.testng.reporters.JUnitReportReporter -->
<testsuite hostname="SurLenovo" failures="0" tests="10" name="ds.algo.testcases.TestSignIN" time="18.709" errors="0" timestamp="2022-09-27T11:13:35 PDT" skipped="0">
  <testcase classname="ds.algo.testcases.TestSignIN" name="InvalidUserName" time="1.522"/>
  <system-out/>
  <testcase classname="ds.algo.testcases.TestSignIN" name="SucessLogin" time="2.421"/>
  <system-out/>
  <testcase classname="ds.algo.testcases.TestSignIN" name="InvalidUserName" time="1.132"/>
  <system-out/>
  <testcase classname="ds.algo.testcases.TestSignIN" name="PasswrdEmpty" time="5.031"/>
  <system-out/>
  <testcase classname="ds.algo.testcases.TestSignIN" name="InvalidUserPwd" time="1.798"/>
  <system-out/>
  <testcase classname="ds.algo.testcases.TestSignIN" name="AllfieldEmpty" time="1.211"/>
  <system-out/>
  <testcase classname="ds.algo.testcases.TestSignIN" name="InvalidUserName" time="1.271"/>
  <system-out/>
  <testcase classname="ds.algo.testcases.TestSignIN" name="EmptyUserPwd" time="1.512"/>
  <system-out/>
  <testcase classname="ds.algo.testcases.TestSignIN" name="InvalidUserName" time="1.560"/>
  <system-out/>
  <testcase classname="ds.algo.testcases.TestSignIN" name="InvalidUserName" time="1.251"/>
  <system-out/>
</testsuite> <!-- ds.algo.testcases.TestSignIN -->
