<?xml version="1.0" encoding="UTF-8"?>
<!-- Generated by org.testng.reporters.JUnitReportReporter -->
<testsuite hostname="SurLenovo" failures="0" tests="7" name="ds.algo.testcases.TestLinkedList" time="21.429" errors="0" timestamp="2022-09-27T11:13:35 PDT" skipped="0">
  <testcase classname="ds.algo.testcases.TestLinkedList" name="TestStarted" time="2.694"/>
  <system-out/>
  <testcase classname="ds.algo.testcases.TestLinkedList" name="ListDeletion" time="2.822"/>
  <system-out/>
  <testcase classname="ds.algo.testcases.TestLinkedList" name="TypeOfList" time="3.766"/>
  <system-out/>
  <testcase classname="ds.algo.testcases.TestLinkedList" name="ListInsertion" time="3.008"/>
  <system-out/>
  <testcase classname="ds.algo.testcases.TestLinkedList" name="ImplementLinkedList" time="2.324"/>
  <system-out/>
  <testcase classname="ds.algo.testcases.TestLinkedList" name="CreateList" time="3.800"/>
  <system-out/>
  <testcase classname="ds.algo.testcases.TestLinkedList" name="ListTraversal" time="3.015"/>
  <system-out/>
</testsuite> <!-- ds.algo.testcases.TestLinkedList -->
