<?xml version="1.0" encoding="UTF-8"?>
<!-- Generated by org.testng.reporters.JUnitReportReporter -->
<testsuite hostname="SurLenovo" failures="0" tests="29" name="ds.algo.testcases.TeTree" time="60.289" errors="0" timestamp="2022-09-26T23:43:37 PDT" skipped="0">
  <testcase classname="ds.algo.testcases.TeTree" name="TestImplementationOfBST" time="1.170"/>
  <system-out/>
  <testcase classname="ds.algo.testcases.TeTree" name="TestTraversalsIllustration" time="1.296"/>
  <system-out/>
  <testcase classname="ds.algo.testcases.TeTree" name="TestTraversalTryHere" time="2.835"/>
  <system-out/>
  <testcase classname="ds.algo.testcases.TeTree" name="TestImplementationOfBSTTryHere" time="3.331"/>
  <system-out/>
  <testcase classname="ds.algo.testcases.TeTree" name="TestGetTabRun" time="2.614"/>
  <system-out/>
  <testcase classname="ds.algo.testcases.TeTree" name="TestImplementationinPython" time="1.204"/>
  <system-out/>
  <testcase classname="ds.algo.testcases.TeTree" name="TestTypesOfTreeTryHere" time="2.835"/>
  <system-out/>
  <testcase classname="ds.algo.testcases.TeTree" name="TestTreeStarted" time="0.720"/>
  <system-out/>
  <testcase classname="ds.algo.testcases.TeTree" name="TestTypesOfBinaryTrees" time="1.647"/>
  <system-out/>
  <testcase classname="ds.algo.testcases.TeTree" name="TestTraversalsIllustrationTryHere" time="3.120"/>
  <system-out/>
  <testcase classname="ds.algo.testcases.TeTree" name="TestBinaryTreeTraversals" time="1.285"/>
  <system-out/>
  <testcase classname="ds.algo.testcases.TeTree" name="TestTypesOfBinaryTreesTryHere" time="2.837"/>
  <system-out/>
  <testcase classname="ds.algo.testcases.TeTree" name="TestClickGetTryHere" time="2.438"/>
  <system-out/>
  <testcase classname="ds.algo.testcases.TeTree" name="TestImplementationofBinaryTreesTryHere" time="3.328"/>
  <system-out/>
  <testcase classname="ds.algo.testcases.TeTree" name="TestTerminologiesTryHere" time="1.659"/>
  <system-out/>
  <testcase classname="ds.algo.testcases.TeTree" name="TestApplicationsofBinarytrees" time="1.908"/>
  <system-out/>
  <testcase classname="ds.algo.testcases.TeTree" name="TestBinaryTreesTryHere" time="3.001"/>
  <system-out/>
  <testcase classname="ds.algo.testcases.TeTree" name="TestImplementationinPythonTryHere" time="2.823"/>
  <system-out/>
  <testcase classname="ds.algo.testcases.TeTree" name="TestImplementationofBinaryTrees" time="1.360"/>
  <system-out/>
  <testcase classname="ds.algo.testcases.TeTree" name="TestBinaryTreeTraversalsTryHere" time="2.818"/>
  <system-out/>
  <testcase classname="ds.algo.testcases.TeTree" name="TestApplicationsofBinarytreesTryHere" time="3.754"/>
  <system-out/>
  <testcase classname="ds.algo.testcases.TeTree" name="TestBinarySearchTreesTryHere" time="3.188"/>
  <system-out/>
  <testcase classname="ds.algo.testcases.TeTree" name="TestBinarySearchTrees" time="1.777"/>
  <system-out/>
  <testcase classname="ds.algo.testcases.TeTree" name="TestPracticeQuestions" time="1.190"/>
  <system-out/>
  <testcase classname="ds.algo.testcases.TeTree" name="TestOverview" time="0.960"/>
  <system-out/>
  <testcase classname="ds.algo.testcases.TeTree" name="TestTraversal" time="1.444"/>
  <system-out/>
  <testcase classname="ds.algo.testcases.TeTree" name="TestTypesOfTree" time="1.255"/>
  <system-out/>
  <testcase classname="ds.algo.testcases.TeTree" name="TestBinaryTrees" time="1.259"/>
  <system-out/>
  <testcase classname="ds.algo.testcases.TeTree" name="TestTerminologies" time="1.233"/>
  <system-out/>
</testsuite> <!-- ds.algo.testcases.TeTree -->
