<?xml version="1.0" encoding="UTF-8"?>
<!-- Generated by org.testng.reporters.JUnitReportReporter -->
<testsuite hostname="SurLenovo" failures="0" tests="2" name="ds.algo.testcases.DsAlgoPortal" time="0.866" errors="0" timestamp="2022-09-26T15:35:20 PDT" skipped="0">
  <testcase classname="ds.algo.testcases.DsAlgoPortal" name="TestGetStarted" time="0.430"/>
  <system-out/>
  <testcase classname="ds.algo.testcases.DsAlgoPortal" name="TestOpenPortal" time="0.436"/>
  <system-out/>
</testsuite> <!-- ds.algo.testcases.DsAlgoPortal -->
