<?xml version="1.0" encoding="UTF-8"?>
<!-- Generated by org.testng.reporters.JUnitReportReporter -->
<testsuite hostname="SurLenovo" failures="0" tests="4" name="ds.algo.testcases.TestDataStructure" time="5.172" errors="0" timestamp="2022-09-27T11:13:35 PDT" skipped="0">
  <testcase classname="ds.algo.testcases.TestDataStructure" name="lnktimecomplex" time="0.993"/>
  <system-out/>
  <testcase classname="ds.algo.testcases.TestDataStructure" name="datastructGetStarted" time="0.933"/>
  <system-out/>
  <testcase classname="ds.algo.testcases.TestDataStructure" name="lnkpracticequestion" time="1.345"/>
  <system-out/>
  <testcase classname="ds.algo.testcases.TestDataStructure" name="TryHereAssessment" time="1.901"/>
  <system-out/>
</testsuite> <!-- ds.algo.testcases.TestDataStructure -->
