<?xml version="1.0" encoding="UTF-8"?>
<!-- Generated by org.testng.reporters.JUnitReportReporter -->
<testsuite hostname="SurLenovo" failures="0" tests="11" name="ds.algo.testcases.TestStack" time="23.031" errors="0" timestamp="2022-09-27T11:13:35 PDT" skipped="0">
  <testcase classname="ds.algo.testcases.TestStack" name="TestImplementationTextBox" time="3.894"/>
  <system-out/>
  <testcase classname="ds.algo.testcases.TestStack" name="TestGetStartedStack" time="0.908"/>
  <system-out/>
  <testcase classname="ds.algo.testcases.TestStack" name="TestApplictionsTryHere" time="1.520"/>
  <system-out/>
  <testcase classname="ds.algo.testcases.TestStack" name="TestImplementationTryHere" time="1.614"/>
  <system-out/>
  <testcase classname="ds.algo.testcases.TestStack" name="TestclickRun" time="2.856"/>
  <system-out/>
  <testcase classname="ds.algo.testcases.TestStack" name="TestImplementation" time="1.231"/>
  <system-out/>
  <testcase classname="ds.algo.testcases.TestStack" name="TestWriteInTextBox" time="3.850"/>
  <system-out/>
  <testcase classname="ds.algo.testcases.TestStack" name="TestApplictions" time="1.213"/>
  <system-out/>
  <testcase classname="ds.algo.testcases.TestStack" name="TestAppilcationsRun" time="2.924"/>
  <system-out/>
  <testcase classname="ds.algo.testcases.TestStack" name="TestOperationsinStackTryHere" time="1.559"/>
  <system-out/>
  <testcase classname="ds.algo.testcases.TestStack" name="TestOperationsinStack" time="1.462"/>
  <system-out/>
</testsuite> <!-- ds.algo.testcases.TestStack -->
